0 info it worked if it ends with ok
1 verbose cli [ 'C:\\Program Files\\nodejs\\node.exe',
1 verbose cli   'C:\\Users\\pmbefok\\AppData\\Roaming\\npm\\node_modules\\npm\\bin\\npm-cli.js',
1 verbose cli   'start' ]
2 info using npm@3.10.9
3 info using node@v6.9.1
4 verbose run-script [ 'prestart', 'start', 'poststart' ]
5 info lifecycle burn-it-system@0.0.0~prestart: burn-it-system@0.0.0
6 silly lifecycle burn-it-system@0.0.0~prestart: no script for prestart, continuing
7 info lifecycle burn-it-system@0.0.0~start: burn-it-system@0.0.0
8 verbose lifecycle burn-it-system@0.0.0~start: unsafe-perm in lifecycle true
9 verbose lifecycle burn-it-system@0.0.0~start: PATH: C:\Users\pmbefok\AppData\Roaming\npm\node_modules\npm\bin\node-gyp-bin;C:\class\burn-it-system\node_modules\.bin;C:\DEVTOOLS\redhat\jboss-eap-6.4\bin;C:\ProgramData\Oracle\Java\javapath;C:\Program Files\Java\jre1.8.0_51\bin;C:\Program Files (x86)\AdminStudio\2013\Common\;C:\Program Files (x86)\INFORP~1\SHARED~1;C:\Program Files (x86)\Windows Kits\8.1\Windows Performance Toolkit\;C:\Program Files (x86)\Intel\Intel(R) Management Engine Components\IPT;C:\Program Files (x86)\Microsoft SQL Server\110\Tools\Binn\;C:\Program Files (x86)\Intel\Intel(R) Management Engine Components\DAL;C:\Program Files\Intel\Intel(R) Management Engine Components\IPT;C:\Program Files\Intel\Intel(R) Management Engine Components\DAL;C:\Program Files (x86)\Intel\OpenCL SDK\2.0\bin\x64;c:\Program Files\Intel\iCLS Client\;C:\Program Files (x86)\Microsoft SQL Server\110\DTS\Binn\;C:\Program Files (x86)\Intel\OpenCL SDK\2.0\bin\x86;C:\Program Files (x86)\Intel\iCLS Client\;C:\Program Files\HP_Fortify\HP_Fortify_SCA_and_Apps_4.11\bin;C:\Windows\system32;C:\Windows;C:\Windows\System32\Wbem;C:\windows\des_tools;C:\Windows\System32\WindowsPowerShell\v1.0\;C:\Windows\System32\WindowsPowerShell\v1.0\;C:\Program Files (x86)\maven\apache-maven-3.0.5\bin;C:\Program Files\AppSense\Application Manager\Agent\Plugins\EcaRulesEngine\;C:\Program Files (x86)\Git\cmd\;C:\Program Files\Git\cmd;C:\Program Files\Java\jdk1.8.0_45\bin;C:\Program Files\CollabNet\Subversion Client;C:\Windows\SysWOW64\;C:\Windows\SysWOW64\Wbem;C:\Windows\SysWOW64\WindowsPowerShell\v1.0;C:\Program Files (x86)\AdminStudio\10.0\Common;C:\Program Files\TortoiseSVN\bin;C:\Program Files (x86)\redhat\OpenShift;C:\Program Files\TortoiseGit\bin;C:\PROGRA~2\IBM\SQLLIB\BIN;C:\PROGRA~2\IBM\SQLLIB\FUNCTION;C:\PROGRA~2\IBM\SQLLIB\SAMPLES\REPL;C:\Users\pmbefok\.dnx\bin;C:\Program Files\Microsoft DNX\Dnvm\;C:\Program Files\Microsoft SQL Server\130\Tools\Binn\;C:\Program Files (x86)\Sennheiser\SoftphoneSDK\;C:\Program Files (x86)\Brackets\command;C:\Windows\System32\WindowsPowerShell\v1.0\;C:\Program Files\nodejs\;C:\Program Files\MongoDB\Server\3.2\bin;C:\Program Files (x86)\WebEx\Productivity Tools;C:\Users\pmbefok\AppData\Local\.meteor\;C:\Users\pmbefok\AppData\Roaming\npm
10 verbose lifecycle burn-it-system@0.0.0~start: CWD: C:\class\burn-it-system
11 silly lifecycle burn-it-system@0.0.0~start: Args: [ '/d /s /c', 'node ./bin/www' ]
12 silly lifecycle burn-it-system@0.0.0~start: Returned: code: 1  signal: null
13 info lifecycle burn-it-system@0.0.0~start: Failed to exec start script
14 verbose stack Error: burn-it-system@0.0.0 start: `node ./bin/www`
14 verbose stack Exit status 1
14 verbose stack     at EventEmitter.<anonymous> (C:\Users\pmbefok\AppData\Roaming\npm\node_modules\npm\lib\utils\lifecycle.js:255:16)
14 verbose stack     at emitTwo (events.js:106:13)
14 verbose stack     at EventEmitter.emit (events.js:191:7)
14 verbose stack     at ChildProcess.<anonymous> (C:\Users\pmbefok\AppData\Roaming\npm\node_modules\npm\lib\utils\spawn.js:40:14)
14 verbose stack     at emitTwo (events.js:106:13)
14 verbose stack     at ChildProcess.emit (events.js:191:7)
14 verbose stack     at maybeClose (internal/child_process.js:877:16)
14 verbose stack     at Process.ChildProcess._handle.onexit (internal/child_process.js:226:5)
15 verbose pkgid burn-it-system@0.0.0
16 verbose cwd C:\class\burn-it-system
17 error Windows_NT 6.1.7601
18 error argv "C:\\Program Files\\nodejs\\node.exe" "C:\\Users\\pmbefok\\AppData\\Roaming\\npm\\node_modules\\npm\\bin\\npm-cli.js" "start"
19 error node v6.9.1
20 error npm  v3.10.9
21 error code ELIFECYCLE
22 error burn-it-system@0.0.0 start: `node ./bin/www`
22 error Exit status 1
23 error Failed at the burn-it-system@0.0.0 start script 'node ./bin/www'.
23 error Make sure you have the latest version of node.js and npm installed.
23 error If you do, this is most likely a problem with the burn-it-system package,
23 error not with npm itself.
23 error Tell the author that this fails on your system:
23 error     node ./bin/www
23 error You can get information on how to open an issue for this project with:
23 error     npm bugs burn-it-system
23 error Or if that isn't available, you can get their info via:
23 error     npm owner ls burn-it-system
23 error There is likely additional logging output above.
24 verbose exit [ 1, true ]
